# JRE version: Java(TM) SE Runtime Environment (17.0.12+8) (build 17.0.12+8-LTS-286)
# Java VM: Java HotSpot(TM) 64-Bit Server VM (17.0.12+8-LTS-286, mixed mode, sharing, tiered, compressed oops, compressed class ptrs, g1 gc, windows-amd64)
GC Precious Log:
 CPUs: 12 total, 12 available
 Memory: 5989M
 Large Page Support: Disabled
 NUMA Support: Disabled
 Compressed Oops: Enabled (32-bit)
 Heap Region Size: 1M
 Heap Min Capacity: 8M
 Heap Initial Capacity: 94M
 Heap Max Capacity: 1498M
 Pre-touch: Disabled
 Parallel Workers: 10
 Concurrent Workers: 3
 Concurrent Refinement Workers: 10
 Periodic GC: Disabled
Heap:
 garbage-first heap   total 323584K, used 167289K [0x00000000a2600000, 0x0000000100000000)
  region size 1024K, 45 young (46080K), 9 survivors (9216K)
 Metaspace       used 63927K, committed 64256K, reserved 1114112K
  class space    used 6909K, committed 7040K, reserved 1048576K
GC Heap History (20 events):
Event: 22.264 GC heap before
{Heap before GC invocations=28 (full 0):
 garbage-first heap   total 272384K, used 208152K [0x00000000a2600000, 0x0000000100000000)
  region size 1024K, 114 young (116736K), 1 survivors (1024K)
 Metaspace       used 56338K, committed 56640K, reserved 1114112K
  class space    used 6393K, committed 6528K, reserved 1048576K
}
Event: 22.265 GC heap after
{Heap after GC invocations=29 (full 0):
 garbage-first heap   total 272384K, used 92217K [0x00000000a2600000, 0x0000000100000000)
  region size 1024K, 1 young (1024K), 1 survivors (1024K)
 Metaspace       used 56338K, committed 56640K, reserved 1114112K
  class space    used 6393K, committed 6528K, reserved 1048576K
}
Event: 23.112 GC heap before
{Heap before GC invocations=29 (full 0):
 garbage-first heap   total 272384K, used 222265K [0x00000000a2600000, 0x0000000100000000)
  region size 1024K, 128 young (131072K), 1 survivors (1024K)
 Metaspace       used 56342K, committed 56640K, reserved 1114112K
  class space    used 6393K, committed 6528K, reserved 1048576K
}
Event: 23.114 GC heap after
{Heap after GC invocations=30 (full 0):
 garbage-first heap   total 272384K, used 92206K [0x00000000a2600000, 0x0000000100000000)
  region size 1024K, 1 young (1024K), 1 survivors (1024K)
 Metaspace       used 56342K, committed 56640K, reserved 1114112K
  class space    used 6393K, committed 6528K, reserved 1048576K
}
Event: 23.598 GC heap before
{Heap before GC invocations=30 (full 0):
 garbage-first heap   total 272384K, used 227374K [0x00000000a2600000, 0x0000000100000000)
  region size 1024K, 133 young (136192K), 1 survivors (1024K)
 Metaspace       used 56362K, committed 56640K, reserved 1114112K
  class space    used 6393K, committed 6528K, reserved 1048576K
}
Event: 23.600 GC heap after
{Heap after GC invocations=31 (full 0):
 garbage-first heap   total 272384K, used 92220K [0x00000000a2600000, 0x0000000100000000)
  region size 1024K, 1 young (1024K), 1 survivors (1024K)
 Metaspace       used 56362K, committed 56640K, reserved 1114112K
  class space    used 6393K, committed 6528K, reserved 1048576K
}
Event: 23.999 GC heap before
{Heap before GC invocations=31 (full 0):
 garbage-first heap   total 272384K, used 230460K [0x00000000a2600000, 0x0000000100000000)
  region size 1024K, 136 young (139264K), 1 survivors (1024K)
 Metaspace       used 56363K, committed 56640K, reserved 1114112K
  class space    used 6393K, committed 6528K, reserved 1048576K
}
Event: 24.001 GC heap after
{Heap after GC invocations=32 (full 0):
 garbage-first heap   total 272384K, used 92244K [0x00000000a2600000, 0x0000000100000000)
  region size 1024K, 1 young (1024K), 1 survivors (1024K)
 Metaspace       used 56363K, committed 56640K, reserved 1114112K
  class space    used 6393K, committed 6528K, reserved 1048576K
}
Event: 24.235 GC heap before
{Heap before GC invocations=32 (full 0):
 garbage-first heap   total 272384K, used 233556K [0x00000000a2600000, 0x0000000100000000)
  region size 1024K, 139 young (142336K), 1 survivors (1024K)
 Metaspace       used 56366K, committed 56704K, reserved 1114112K
  class space    used 6393K, committed 6528K, reserved 1048576K
}
Event: 24.236 GC heap after
{Heap after GC invocations=33 (full 0):
 garbage-first heap   total 272384K, used 92258K [0x00000000a2600000, 0x0000000100000000)
  region size 1024K, 1 young (1024K), 1 survivors (1024K)
 Metaspace       used 56366K, committed 56704K, reserved 1114112K
  class space    used 6393K, committed 6528K, reserved 1048576K
}
Event: 32.270 GC heap before
{Heap before GC invocations=33 (full 0):
 garbage-first heap   total 272384K, used 235618K [0x00000000a2600000, 0x0000000100000000)
  region size 1024K, 141 young (144384K), 1 survivors (1024K)
 Metaspace       used 58320K, committed 58624K, reserved 1114112K
  class space    used 6553K, committed 6720K, reserved 1048576K
}
Event: 32.370 GC heap after
{Heap after GC invocations=34 (full 0):
 garbage-first heap   total 272384K, used 103664K [0x00000000a2600000, 0x0000000100000000)
  region size 1024K, 12 young (12288K), 12 survivors (12288K)
 Metaspace       used 58320K, committed 58624K, reserved 1114112K
  class space    used 6553K, committed 6720K, reserved 1048576K
}
Event: 37.868 GC heap before
{Heap before GC invocations=34 (full 0):
 garbage-first heap   total 272384K, used 226544K [0x00000000a2600000, 0x0000000100000000)
  region size 1024K, 132 young (135168K), 12 survivors (12288K)
 Metaspace       used 58768K, committed 59072K, reserved 1114112K
  class space    used 6567K, committed 6720K, reserved 1048576K
}
Event: 38.099 GC heap after
{Heap after GC invocations=35 (full 0):
 garbage-first heap   total 272384K, used 114856K [0x00000000a2600000, 0x0000000100000000)
  region size 1024K, 11 young (11264K), 11 survivors (11264K)
 Metaspace       used 58768K, committed 59072K, reserved 1114112K
  class space    used 6567K, committed 6720K, reserved 1048576K
}
Event: 41.822 GC heap before
{Heap before GC invocations=35 (full 0):
 garbage-first heap   total 272384K, used 222376K [0x00000000a2600000, 0x0000000100000000)
  region size 1024K, 116 young (118784K), 11 survivors (11264K)
 Metaspace       used 59078K, committed 59392K, reserved 1114112K
  class space    used 6574K, committed 6720K, reserved 1048576K
}
Event: 42.378 GC heap after
{Heap after GC invocations=36 (full 0):
 garbage-first heap   total 272384K, used 122129K [0x00000000a2600000, 0x0000000100000000)
  region size 1024K, 7 young (7168K), 7 survivors (7168K)
 Metaspace       used 59078K, committed 59392K, reserved 1114112K
  class space    used 6574K, committed 6720K, reserved 1048576K
}
Event: 45.360 GC heap before
{Heap before GC invocations=36 (full 0):
 garbage-first heap   total 272384K, used 170257K [0x00000000a2600000, 0x0000000100000000)
  region size 1024K, 54 young (55296K), 7 survivors (7168K)
 Metaspace       used 59409K, committed 59712K, reserved 1114112K
  class space    used 6587K, committed 6720K, reserved 1048576K
}
Event: 45.372 GC heap after
{Heap after GC invocations=37 (full 0):
 garbage-first heap   total 272384K, used 126580K [0x00000000a2600000, 0x0000000100000000)
  region size 1024K, 4 young (4096K), 4 survivors (4096K)
 Metaspace       used 59409K, committed 59712K, reserved 1114112K
  class space    used 6587K, committed 6720K, reserved 1048576K
}
Event: 51.414 GC heap before
{Heap before GC invocations=37 (full 0):
 garbage-first heap   total 272384K, used 224884K [0x00000000a2600000, 0x0000000100000000)
  region size 1024K, 100 young (102400K), 4 survivors (4096K)
 Metaspace       used 63280K, committed 63616K, reserved 1114112K
  class space    used 6892K, committed 7040K, reserved 1048576K
}
Event: 51.430 GC heap after
{Heap after GC invocations=38 (full 0):
 garbage-first heap   total 323584K, used 131449K [0x00000000a2600000, 0x0000000100000000)
  region size 1024K, 9 young (9216K), 9 survivors (9216K)
 Metaspace       used 63280K, committed 63616K, reserved 1114112K
  class space    used 6892K, committed 7040K, reserved 1048576K
}

