# JRE version: Java(TM) SE Runtime Environment (17.0.12+8) (build 17.0.12+8-LTS-286)
# Java VM: Java HotSpot(TM) 64-Bit Server VM (17.0.12+8-LTS-286, mixed mode, sharing, tiered, compressed oops, compressed class ptrs, g1 gc, windows-amd64)
GC Precious Log:
 CPUs: 12 total, 12 available
 Memory: 5989M
 Large Page Support: Disabled
 NUMA Support: Disabled
 Compressed Oops: Enabled (32-bit)
 Heap Region Size: 1M
 Heap Min Capacity: 8M
 Heap Initial Capacity: 94M
 Heap Max Capacity: 2G
 Pre-touch: Disabled
 Parallel Workers: 10
 Concurrent Workers: 3
 Concurrent Refinement Workers: 10
 Periodic GC: Disabled
Heap:
 garbage-first heap   total 388096K, used 237529K [0x0000000080000000, 0x0000000100000000)
  region size 1024K, 12 young (12288K), 12 survivors (12288K)
 Metaspace       used 116869K, committed 118464K, reserved 557056K
  class space    used 15826K, committed 16576K, reserved 425984K
GC Heap History (20 events):
Event: 79.531 GC heap after
{Heap after GC invocations=69 (full 0):
 garbage-first heap   total 215040K, used 145049K [0x0000000080000000, 0x0000000100000000)
  region size 1024K, 7 young (7168K), 7 survivors (7168K)
 Metaspace       used 113549K, committed 114880K, reserved 557056K
  class space    used 15432K, committed 16064K, reserved 425984K
}
Event: 79.726 GC heap before
{Heap before GC invocations=69 (full 0):
 garbage-first heap   total 215040K, used 174745K [0x0000000080000000, 0x0000000100000000)
  region size 1024K, 36 young (36864K), 7 survivors (7168K)
 Metaspace       used 113584K, committed 114880K, reserved 557056K
  class space    used 15440K, committed 16064K, reserved 425984K
}
Event: 79.744 GC heap after
{Heap after GC invocations=70 (full 0):
 garbage-first heap   total 324608K, used 157696K [0x0000000080000000, 0x0000000100000000)
  region size 1024K, 5 young (5120K), 5 survivors (5120K)
 Metaspace       used 113584K, committed 114880K, reserved 557056K
  class space    used 15440K, committed 16064K, reserved 425984K
}
Event: 80.458 GC heap before
{Heap before GC invocations=70 (full 0):
 garbage-first heap   total 388096K, used 232448K [0x0000000080000000, 0x0000000100000000)
  region size 1024K, 79 young (80896K), 5 survivors (5120K)
 Metaspace       used 113593K, committed 114944K, reserved 557056K
  class space    used 15434K, committed 16064K, reserved 425984K
}
Event: 80.496 GC heap after
{Heap after GC invocations=71 (full 0):
 garbage-first heap   total 388096K, used 177871K [0x0000000080000000, 0x0000000100000000)
  region size 1024K, 10 young (10240K), 10 survivors (10240K)
 Metaspace       used 113593K, committed 114944K, reserved 557056K
  class space    used 15434K, committed 16064K, reserved 425984K
}
Event: 83.135 GC heap before
{Heap before GC invocations=72 (full 0):
 garbage-first heap   total 388096K, used 281295K [0x0000000080000000, 0x0000000100000000)
  region size 1024K, 111 young (113664K), 10 survivors (10240K)
 Metaspace       used 113665K, committed 115072K, reserved 557056K
  class space    used 15434K, committed 16064K, reserved 425984K
}
Event: 83.150 GC heap after
{Heap after GC invocations=73 (full 0):
 garbage-first heap   total 388096K, used 186727K [0x0000000080000000, 0x0000000100000000)
  region size 1024K, 13 young (13312K), 13 survivors (13312K)
 Metaspace       used 113665K, committed 115072K, reserved 557056K
  class space    used 15434K, committed 16064K, reserved 425984K
}
Event: 83.196 GC heap before
{Heap before GC invocations=73 (full 0):
 garbage-first heap   total 388096K, used 190823K [0x0000000080000000, 0x0000000100000000)
  region size 1024K, 18 young (18432K), 13 survivors (13312K)
 Metaspace       used 113675K, committed 115072K, reserved 557056K
  class space    used 15434K, committed 16064K, reserved 425984K
}
Event: 83.208 GC heap after
{Heap after GC invocations=74 (full 0):
 garbage-first heap   total 388096K, used 184199K [0x0000000080000000, 0x0000000100000000)
  region size 1024K, 3 young (3072K), 3 survivors (3072K)
 Metaspace       used 113675K, committed 115072K, reserved 557056K
  class space    used 15434K, committed 16064K, reserved 425984K
}
Event: 147.153 GC heap before
{Heap before GC invocations=74 (full 0):
 garbage-first heap   total 388096K, used 289671K [0x0000000080000000, 0x0000000100000000)
  region size 1024K, 106 young (108544K), 3 survivors (3072K)
 Metaspace       used 114774K, committed 116224K, reserved 557056K
  class space    used 15591K, committed 16256K, reserved 425984K
}
Event: 147.235 GC heap after
{Heap after GC invocations=75 (full 0):
 garbage-first heap   total 388096K, used 187156K [0x0000000080000000, 0x0000000100000000)
  region size 1024K, 6 young (6144K), 6 survivors (6144K)
 Metaspace       used 114774K, committed 116224K, reserved 557056K
  class space    used 15591K, committed 16256K, reserved 425984K
}
Event: 149.645 GC heap before
{Heap before GC invocations=75 (full 0):
 garbage-first heap   total 388096K, used 244500K [0x0000000080000000, 0x0000000100000000)
  region size 1024K, 62 young (63488K), 6 survivors (6144K)
 Metaspace       used 115645K, committed 117248K, reserved 557056K
  class space    used 15696K, committed 16448K, reserved 425984K
}
Event: 149.669 GC heap after
{Heap after GC invocations=76 (full 0):
 garbage-first heap   total 388096K, used 195176K [0x0000000080000000, 0x0000000100000000)
  region size 1024K, 8 young (8192K), 8 survivors (8192K)
 Metaspace       used 115645K, committed 117248K, reserved 557056K
  class space    used 15696K, committed 16448K, reserved 425984K
}
Event: 153.021 GC heap before
{Heap before GC invocations=76 (full 0):
 garbage-first heap   total 388096K, used 301672K [0x0000000080000000, 0x0000000100000000)
  region size 1024K, 113 young (115712K), 8 survivors (8192K)
 Metaspace       used 116351K, committed 118016K, reserved 557056K
  class space    used 15779K, committed 16576K, reserved 425984K
}
Event: 153.062 GC heap after
{Heap after GC invocations=77 (full 0):
 garbage-first heap   total 388096K, used 205325K [0x0000000080000000, 0x0000000100000000)
  region size 1024K, 15 young (15360K), 15 survivors (15360K)
 Metaspace       used 116351K, committed 118016K, reserved 557056K
  class space    used 15779K, committed 16576K, reserved 425984K
}
Event: 153.801 GC heap before
{Heap before GC invocations=77 (full 0):
 garbage-first heap   total 388096K, used 307725K [0x0000000080000000, 0x0000000100000000)
  region size 1024K, 115 young (117760K), 15 survivors (15360K)
 Metaspace       used 116415K, committed 118144K, reserved 557056K
  class space    used 15779K, committed 16576K, reserved 425984K
}
Event: 153.837 GC heap after
{Heap after GC invocations=78 (full 0):
 garbage-first heap   total 388096K, used 222159K [0x0000000080000000, 0x0000000100000000)
  region size 1024K, 15 young (15360K), 15 survivors (15360K)
 Metaspace       used 116415K, committed 118144K, reserved 557056K
  class space    used 15779K, committed 16576K, reserved 425984K
}
Event: 154.332 GC heap before
{Heap before GC invocations=78 (full 0):
 garbage-first heap   total 388096K, used 309199K [0x0000000080000000, 0x0000000100000000)
  region size 1024K, 101 young (103424K), 15 survivors (15360K)
 Metaspace       used 116470K, committed 118144K, reserved 557056K
  class space    used 15779K, committed 16576K, reserved 425984K
}
Event: 154.358 GC heap after
{Heap after GC invocations=79 (full 0):
 garbage-first heap   total 388096K, used 227415K [0x0000000080000000, 0x0000000100000000)
  region size 1024K, 7 young (7168K), 7 survivors (7168K)
 Metaspace       used 116470K, committed 118144K, reserved 557056K
  class space    used 15779K, committed 16576K, reserved 425984K
}
Event: 155.310 GC heap before
{Heap before GC invocations=79 (full 0):
 garbage-first heap   total 388096K, used 318551K [0x0000000080000000, 0x0000000100000000)
  region size 1024K, 92 young (94208K), 7 survivors (7168K)
 Metaspace       used 116869K, committed 118464K, reserved 557056K
  class space    used 15826K, committed 16576K, reserved 425984K
}

